<?xml version="1.0" encoding="UTF-8"?>
<!-- Generated by org.testng.reporters.JUnitXMLReporter -->
<testsuite hostname="DESKTOP-ECRTMBJ" ignored="0" name="Test_Subtraction_Verify Error message when passing blank values" tests="1" failures="0" timestamp="14 Apr 2019 15:06:11 GMT" time="15.722" errors="0">
  <testcase name="subtractionOfTwoNumber" time="12.112" classname="com.appium.test.mobiletesting.Calculator_Subtraction"/>
</testsuite> <!-- Test_Subtraction_Verify Error message when passing blank values -->
