<?xml version="1.0" encoding="UTF-8"?>
<!-- Generated by org.testng.reporters.JUnitXMLReporter -->
<testsuite hostname="DESKTOP-ECRTMBJ" ignored="0" name="Test_Addition_Verify given values round off to nearest 2 decimal place value" tests="1" failures="0" timestamp="14 Apr 2019 15:04:29 GMT" time="16.318" errors="0">
  <testcase name="additionOfTwoNumber" time="12.668" classname="com.appium.test.mobiletesting.Calculator_Addition"/>
</testsuite> <!-- Test_Addition_Verify given values round off to nearest 2 decimal place value -->
