<?xml version="1.0" encoding="UTF-8"?>
<!-- Generated by org.testng.reporters.JUnitXMLReporter -->
<testsuite hostname="DESKTOP-ECRTMBJ" ignored="0" name="Test_Multiplication_Multiplying two decimal values and rounding off to nearest 2 decimal values" tests="1" failures="0" timestamp="14 Apr 2019 15:07:05 GMT" time="16.112" errors="0">
  <testcase name="multiplicationOfTwoNumber" time="12.502" classname="com.appium.test.mobiletesting.Calculator_Multiplication"/>
</testsuite> <!-- Test_Multiplication_Multiplying two decimal values and rounding off to nearest 2 decimal values -->
