<?xml version="1.0" encoding="UTF-8"?>
<!-- Generated by org.testng.reporters.JUnitXMLReporter -->
<testsuite hostname="DESKTOP-ECRTMBJ" ignored="0" name="Test_Multiplication_Verify Error message when passing blank values" tests="1" failures="0" timestamp="14 Apr 2019 15:07:20 GMT" time="15.347" errors="0">
  <testcase name="multiplicationOfTwoNumber" time="11.807" classname="com.appium.test.mobiletesting.Calculator_Multiplication"/>
</testsuite> <!-- Test_Multiplication_Verify Error message when passing blank values -->
