<?xml version="1.0" encoding="UTF-8"?>
<!-- Generated by org.testng.reporters.JUnitXMLReporter -->
<testsuite hostname="DESKTOP-ECRTMBJ" ignored="0" name="Test_Division_Verify Error message when passing blank values" tests="1" failures="1" timestamp="13 Apr 2019 06:50:38 GMT" time="17.383" errors="0">
  <testcase name="divisionOfTwoNumber" time="15.098" classname="com.appium.test.mobiletesting.Calculator_Division">
    <failure type="java.lang.NumberFormatException" message="empty String">
      <![CDATA[java.lang.NumberFormatException: empty String
at sun.misc.FloatingDecimal.readJavaFormatString(FloatingDecimal.java:1842)
at sun.misc.FloatingDecimal.parseFloat(FloatingDecimal.java:122)
at java.lang.Float.parseFloat(Float.java:451)
at com.appium.test.mobiletesting.MainActivityPage.getNumber(MainActivityPage.java:174)
at com.appium.test.mobiletesting.MainActivityPage.verifyResults(MainActivityPage.java:122)
at com.appium.test.mobiletesting.Calculator_Division.divisionOfTwoNumber(Calculator_Division.java:21)
... Removed 26 stack frames]]>
    </failure>
  </testcase> <!-- divisionOfTwoNumber -->
</testsuite> <!-- Test_Division_Verify Error message when passing blank values -->
